{
  "RSpec": {
    "coverage": {
      "/Users/katahirado/RubymineProjects/kkfoodstuff/app/helpers/application_helper.rb": [
        1,
        null
      ],
      "/Users/katahirado/RubymineProjects/kkfoodstuff/app/helpers/recipes_helper.rb": [
        1,
        null
      ],
      "/Users/katahirado/RubymineProjects/kkfoodstuff/app/helpers/searches_helper.rb": [
        1,
        null
      ],
      "/Users/katahirado/RubymineProjects/kkfoodstuff/app/controllers/recipes_controller.rb": [
        1,
        1,
        null,
        null,
        null,
        1,
        2,
        null,
        null,
        null,
        null,
        1,
        null,
        null,
        null,
        1,
        1,
        null,
        null,
        null,
        1,
        null,
        null,
        null,
        null,
        1,
        5,
        null,
        5,
        5,
        6,
        3,
        null,
        4,
        2,
        null,
        null,
        null,
        null,
        null,
        null,
        1,
        5,
        5,
        4,
        2,
        null,
        6,
        3,
        null,
        null,
        null,
        null,
        null,
        null,
        1,
        2,
        2,
        4,
        2,
        null,
        null,
        null,
        1,
        null,
        1,
        9,
        null,
        null,
        null,
        1,
        10,
        null,
        null
      ],
      "/Users/katahirado/RubymineProjects/kkfoodstuff/app/controllers/application_controller.rb": [
        1,
        null,
        null,
        1,
        null
      ],
      "/Users/katahirado/RubymineProjects/kkfoodstuff/app/controllers/searches_controller.rb": [
        1,
        1,
        null,
        null
      ],
      "/Users/katahirado/RubymineProjects/kkfoodstuff/app/models/recipe.rb": [
        1,
        1,
        null,
        1,
        1,
        null,
        1,
        null,
        1,
        15,
        13,
        13,
        13,
        13,
        null,
        null,
        null,
        1,
        2,
        null,
        null
      ],
      "/Users/katahirado/RubymineProjects/kkfoodstuff/app/models/search_content.rb": [
        1,
        1,
        null,
        1,
        1,
        null,
        1,
        null,
        1,
        0,
        null,
        null,
        1,
        1,
        0,
        0,
        0,
        null,
        null
      ]
    },
    "timestamp": 1395329344
  }
}
